[debug] [2024-08-08T23:39:18.879Z] ----------------------------------------------------------------------
[debug] [2024-08-08T23:39:18.880Z] Command:       /usr/local/bin/node /usr/local/bin/firebase init
[debug] [2024-08-08T23:39:18.880Z] CLI Version:   11.14.2
[debug] [2024-08-08T23:39:18.880Z] Platform:      darwin
[debug] [2024-08-08T23:39:18.880Z] Node Version:  v18.5.0
[debug] [2024-08-08T23:39:18.881Z] Time:          Thu Aug 08 2024 19:39:18 GMT-0400 (Eastern Daylight Time)
[debug] [2024-08-08T23:39:18.881Z] ----------------------------------------------------------------------
[debug] 
[debug] [2024-08-08T23:39:18.912Z] > command requires scopes: ["email","openid","https://www.googleapis.com/auth/cloudplatformprojects.readonly","https://www.googleapis.com/auth/firebase","https://www.googleapis.com/auth/cloud-platform"]
[debug] [2024-08-08T23:39:18.912Z] > authorizing via signed-in user (melissa.g.gay@gmail.com)
[info] 
     ######## #### ########  ######## ########     ###     ######  ########
     ##        ##  ##     ## ##       ##     ##  ##   ##  ##       ##
     ######    ##  ########  ######   ########  #########  ######  ######
     ##        ##  ##    ##  ##       ##     ## ##     ##       ## ##
     ##       #### ##     ## ######## ########  ##     ##  ######  ########

You're about to initialize a Firebase project in this directory:

  /Users/melissaevans/mge-lxdesign

Before we get started, keep in mind:

  * You are initializing within an existing Firebase project directory

[info] 
=== Project Setup
[info] 
[info] First, let's associate this project directory with a Firebase project.
[info] You can create multiple project aliases by running firebase use --add, 
[info] but for now we'll just set up a default project.
[info] 
[debug] [2024-08-08T23:39:38.206Z] Using project from CLI flag: mge-lxdesign
[debug] [2024-08-08T23:39:38.207Z] > refreshing access token with scopes: []
[debug] [2024-08-08T23:39:38.209Z] >>> [apiv2][query] POST https://www.googleapis.com/oauth2/v3/token [none]
[debug] [2024-08-08T23:39:38.209Z] >>> [apiv2][body] POST https://www.googleapis.com/oauth2/v3/token [omitted]
[debug] [2024-08-08T23:39:38.359Z] <<< [apiv2][status] POST https://www.googleapis.com/oauth2/v3/token 400
[debug] [2024-08-08T23:39:38.359Z] <<< [apiv2][body] POST https://www.googleapis.com/oauth2/v3/token [omitted]
[debug] [2024-08-08T23:39:38.359Z] >>> [apiv2][query] GET https://firebase.googleapis.com/v1beta1/projects/mge-lxdesign [none]
[debug] [2024-08-08T23:39:38.456Z] <<< [apiv2][status] GET https://firebase.googleapis.com/v1beta1/projects/mge-lxdesign 401
[debug] [2024-08-08T23:39:38.456Z] <<< [apiv2][body] GET https://firebase.googleapis.com/v1beta1/projects/mge-lxdesign {"error":{"code":401,"message":"Request had invalid authentication credentials. Expected OAuth 2 access token, login cookie or other valid authentication credential. See https://developers.google.com/identity/sign-in/web/devconsole-project.","status":"UNAUTHENTICATED"}}
[debug] [2024-08-08T23:39:38.457Z] HTTP Error: 401, Request had invalid authentication credentials. Expected OAuth 2 access token, login cookie or other valid authentication credential. See https://developers.google.com/identity/sign-in/web/devconsole-project.
[debug] [2024-08-08T23:39:38.525Z] FirebaseError: HTTP Error: 401, Request had invalid authentication credentials. Expected OAuth 2 access token, login cookie or other valid authentication credential. See https://developers.google.com/identity/sign-in/web/devconsole-project.
    at responseToError (/usr/local/lib/node_modules/firebase-tools/lib/responseToError.js:49:12)
    at RetryOperation._fn (/usr/local/lib/node_modules/firebase-tools/lib/apiv2.js:288:77)
    at process.processTicksAndRejections (node:internal/process/task_queues:95:5)
[error] 
[error] Error: Failed to get Firebase project mge-lxdesign. Please make sure the project exists and your account has permission to access it.
